<?xml version="1.0" encoding="UTF-8"?>
<!-- Generated by org.testng.reporters.JUnitXMLReporter -->
<testsuite hostname="DESKTOP-FASG7V1" ignored="1" name="Surefire test" tests="4" failures="0" timestamp="2022-02-22T13:43:42 AZT" time="12.656" errors="0">
  <testcase name="testCase01" time="0.001" classname="TestCases.annotations.MyFirstTestCase"/>
  <testcase name="testCase02" time="0.001" classname="TestCases.annotations.MyFirstTestCase"/>
  <testcase name="test" time="12.633" classname="TestCases.TestCase"/>
  <testcase name="s1" time="0.0" classname="TestCases.TestCase2"/>
  <testcase name="@BeforeSuite BeforeSuit" time="0.0" classname="Config.Base">
    <ignored/>
  </testcase> <!-- @BeforeSuite BeforeSuit -->
</testsuite> <!-- Surefire test -->
