<?xml version="1.0" encoding="UTF-8"?>
<testsuite xmlns:xsi="http://www.w3.org/2001/XMLSchema-instance" xsi:noNamespaceSchemaLocation="https://maven.apache.org/surefire/maven-surefire-plugin/xsd/surefire-test-report-3.0.xsd" version="3.0" name="TestSuite" time="14.483" tests="4" errors="0" skipped="0" failures="0">
  <properties>
[...]
</properties>
  <testcase name="testCase01" classname="TestCases.annotations.MyFirstTestCase" time="0.008">
    <system-out><![CDATA[I must called before everything
I must called 1
]]></system-out>
    <system-err><![CDATA[SLF4J: Failed to load class "org.slf4j.impl.StaticLoggerBinder".
SLF4J: Defaulting to no-operation (NOP) logger implementation
SLF4J: See http://www.slf4j.org/codes.html#StaticLoggerBinder for further details.
Starting ChromeDriver 97.0.4692.71 (adefa7837d02a07a604c1e6eff0b3a09422ab88d-refs/branch-heads/4692@{#1247}) on port 52944
Only local connections are allowed.
Please see https://chromedriver.chromium.org/security-considerations for suggestions on keeping ChromeDriver safe.
ChromeDriver was started successfully.
[1645520693.781][WARNING]: This version of ChromeDriver has not been tested with Chrome version 98.
Feb 22, 2022 1:04:53 PM org.openqa.selenium.remote.ProtocolHandshake createSession
INFO: Detected dialect: W3C
Feb 22, 2022 1:04:53 PM org.openqa.selenium.devtools.CdpVersionFinder findNearestMatch
WARNING: Unable to find an exact match for CDP version 98, so returning the closest version found: 96
Feb 22, 2022 1:04:53 PM org.openqa.selenium.devtools.CdpVersionFinder findNearestMatch
INFO: Found CDP implementation for version 98 of 96
]]></system-err>
  </testcase>
  <testcase name="testCase02" classname="TestCases.annotations.MyFirstTestCase" time="0">
    <system-out><![CDATA[I must called 2
]]></system-out>
  </testcase>
  <testcase name="test" classname="TestCases.TestCase" time="11.334">
    <system-out><![CDATA[your string isCars
]]></system-out>
  </testcase>
  <testcase name="s1" classname="TestCases.TestCase2" time="0"/>
</testsuite>