<?xml version="1.0" encoding="UTF-8"?>
<testng-results skipped="0" failed="0" ignored="1" total="5" passed="4">
  <reporter-output>
  </reporter-output>
  <suite name="Surefire suite" duration-ms="12656" started-at="2022-02-22T13:43:29 AZT" finished-at="2022-02-22T13:43:42 AZT">
    <groups>
    </groups>
    <test name="Surefire test" duration-ms="12656" started-at="2022-02-22T13:43:29 AZT" finished-at="2022-02-22T13:43:42 AZT">
      <class name="TestCases.annotations.MyFirstTestCase">
        <test-method status="PASS" signature="beforeTest()[pri:0, instance:TestCases.annotations.MyFirstTestCase@e320068]" name="beforeTest" is-config="true" duration-ms="0" started-at="2022-02-22T13:43:29 AZT" finished-at="2022-02-22T13:43:29 AZT">
          <reporter-output>
          </reporter-output>
        </test-method> <!-- beforeTest -->
        <test-method status="PASS" signature="testCase01()[pri:0, instance:TestCases.annotations.MyFirstTestCase@e320068]" name="testCase01" duration-ms="1" started-at="2022-02-22T13:43:29 AZT" finished-at="2022-02-22T13:43:29 AZT">
          <reporter-output>
          </reporter-output>
        </test-method> <!-- testCase01 -->
        <test-method status="PASS" signature="testCase02()[pri:0, instance:TestCases.annotations.MyFirstTestCase@e320068]" name="testCase02" duration-ms="1" started-at="2022-02-22T13:43:29 AZT" finished-at="2022-02-22T13:43:29 AZT">
          <reporter-output>
          </reporter-output>
        </test-method> <!-- testCase02 -->
        <test-method status="PASS" signature="afterTest()[pri:0, instance:TestCases.annotations.MyFirstTestCase@e320068]" name="afterTest" is-config="true" duration-ms="0" started-at="2022-02-22T13:43:42 AZT" finished-at="2022-02-22T13:43:42 AZT">
          <reporter-output>
          </reporter-output>
        </test-method> <!-- afterTest -->
      </class> <!-- TestCases.annotations.MyFirstTestCase -->
      <class name="TestCases.TestCase2">
        <test-method status="PASS" signature="s1()[pri:0, instance:TestCases.TestCase2@1563da5]" name="s1" duration-ms="0" started-at="2022-02-22T13:43:42 AZT" finished-at="2022-02-22T13:43:42 AZT">
          <reporter-output>
          </reporter-output>
        </test-method> <!-- s1 -->
      </class> <!-- TestCases.TestCase2 -->
      <class name="TestCases.TestCase">
        <test-method status="PASS" signature="BeforeSuit()[pri:0, instance:TestCases.TestCase@ea1a8d5]" name="BeforeSuit" is-config="true" duration-ms="2508" started-at="2022-02-22T13:43:27 AZT" finished-at="2022-02-22T13:43:29 AZT">
          <reporter-output>
          </reporter-output>
        </test-method> <!-- BeforeSuit -->
        <test-method status="PASS" signature="test()[pri:0, instance:TestCases.TestCase@ea1a8d5]" name="test" duration-ms="12633" started-at="2022-02-22T13:43:29 AZT" finished-at="2022-02-22T13:43:42 AZT">
          <reporter-output>
          </reporter-output>
        </test-method> <!-- test -->
      </class> <!-- TestCases.TestCase -->
    </test> <!-- Surefire test -->
  </suite> <!-- Surefire suite -->
</testng-results>
